folioreader/build/intermediates/manifest_merge_blame_file/release/processReleaseManifest/manifest-merger-blame-release-report.txt
1<?xml version="1.0" encoding="utf-8"?>
2<manifest xmlns:android="http://schemas.android.com/apk/res/android"
3    xmlns:tools="http://schemas.android.com/tools"
4    package="com.folioreader" >
5
6    <uses-sdk
6-->newjntuh/folioreader/AndroidManifest.xml:9:5-88
7        android:minSdkVersion="21"
8        tools:overrideLibrary="org.readium.r2.streamer, org.readium.r2.shared" />
8-->newjntuh/folioreader/AndroidManifest.xml:9:15-85
9
10    <uses-permission android:name="android.permission.WRITE_EXTERNAL_STORAGE" />
10-->newjntuh/folioreader/AndroidManifest.xml:6:5-81
10-->newjntuh/folioreader/AndroidManifest.xml:6:22-78
11    <uses-permission android:name="android.permission.INTERNET" />
11-->newjntuh/folioreader/AndroidManifest.xml:7:5-67
11-->newjntuh/folioreader/AndroidManifest.xml:7:22-64
12
13    <application
13-->newjntuh/folioreader/AndroidManifest.xml:11:5-43:19
14        android:allowBackup="true"
14-->newjntuh/folioreader/AndroidManifest.xml:12:9-35
15        android:networkSecurityConfig="@xml/network_security_config"
15-->newjntuh/folioreader/AndroidManifest.xml:14:9-69
16        android:requestLegacyExternalStorage="true"
16-->newjntuh/folioreader/AndroidManifest.xml:13:9-52
17        tools:replace="android:allowBackup" >
17-->newjntuh/folioreader/AndroidManifest.xml:15:9-44
18        <provider
18-->newjntuh/folioreader/AndroidManifest.xml:17:9-20:40
19            android:name="com.folioreader.AppContext"
19-->newjntuh/folioreader/AndroidManifest.xml:18:13-39
20            android:authorities="${applicationId}.provider.appcontext"
20-->newjntuh/folioreader/AndroidManifest.xml:19:13-71
21            android:exported="false" />
21-->newjntuh/folioreader/AndroidManifest.xml:20:13-37
22
23        <activity
23-->newjntuh/folioreader/AndroidManifest.xml:22:9-25:60
24            android:name="com.folioreader.ui.activity.FolioActivity"
24-->newjntuh/folioreader/AndroidManifest.xml:23:13-69
25            android:label="@string/app_name"
25-->newjntuh/folioreader/AndroidManifest.xml:24:13-45
26            android:theme="@style/FolioActivityDayTheme" />
26-->newjntuh/folioreader/AndroidManifest.xml:25:13-57
27        <activity
27-->newjntuh/folioreader/AndroidManifest.xml:27:9-29:59
28            android:name="com.folioreader.ui.activity.ContentHighlightActivity"
28-->newjntuh/folioreader/AndroidManifest.xml:28:13-80
29            android:theme="@style/AppTheme.NoActionBar" />
29-->newjntuh/folioreader/AndroidManifest.xml:29:13-56
30        <activity
30-->newjntuh/folioreader/AndroidManifest.xml:31:9-41:20
31            android:name="com.folioreader.ui.activity.SearchActivity"
31-->newjntuh/folioreader/AndroidManifest.xml:32:13-70
32            android:exported="true"
32-->newjntuh/folioreader/AndroidManifest.xml:34:13-36
33            android:launchMode="singleTop" >
33-->newjntuh/folioreader/AndroidManifest.xml:33:13-43
34            <intent-filter>
34-->newjntuh/folioreader/AndroidManifest.xml:35:13-37:29
35                <action android:name="android.intent.action.SEARCH" />
35-->newjntuh/folioreader/AndroidManifest.xml:36:17-71
35-->newjntuh/folioreader/AndroidManifest.xml:36:25-68
36            </intent-filter>
37
38            <meta-data
38-->newjntuh/folioreader/AndroidManifest.xml:38:13-40:54
39                android:name="android.app.searchable"
39-->newjntuh/folioreader/AndroidManifest.xml:39:17-54
40                android:resource="@xml/searchable" />
40-->newjntuh/folioreader/AndroidManifest.xml:40:17-51
41        </activity>
42    </application>
43
44</manifest>